{"C:\\React\\Namaste\\src\\components\\Body.jsx": {"path":"C:\\React\\Namaste\\src\\components\\Body.jsx","statementMap":{"0":{"start":{"line":9,"column":13},"end":{"line":108,"column":1}},"1":{"start":{"line":10,"column":38},"end":{"line":10,"column":50}},"2":{"start":{"line":11,"column":38},"end":{"line":11,"column":50}},"3":{"start":{"line":12,"column":40},"end":{"line":12,"column":52}},"4":{"start":{"line":13,"column":23},"end":{"line":13,"column":40}},"5":{"start":{"line":15,"column":27},"end":{"line":15,"column":54}},"6":{"start":{"line":16,"column":35},"end":{"line":16,"column":58}},"7":{"start":{"line":18,"column":2},"end":{"line":20,"column":9}},"8":{"start":{"line":19,"column":4},"end":{"line":19,"column":16}},"9":{"start":{"line":22,"column":20},"end":{"line":32,"column":3}},"10":{"start":{"line":23,"column":17},"end":{"line":23,"column":38}},"11":{"start":{"line":25,"column":17},"end":{"line":25,"column":34}},"12":{"start":{"line":26,"column":4},"end":{"line":28,"column":6}},"13":{"start":{"line":29,"column":4},"end":{"line":31,"column":6}},"14":{"start":{"line":34,"column":22},"end":{"line":39,"column":3}},"15":{"start":{"line":35,"column":19},"end":{"line":37,"column":6}},"16":{"start":{"line":36,"column":6},"end":{"line":36,"column":77}},"17":{"start":{"line":38,"column":4},"end":{"line":38,"column":26}},"18":{"start":{"line":41,"column":2},"end":{"line":47,"column":3}},"19":{"start":{"line":42,"column":4},"end":{"line":46,"column":6}},"20":{"start":{"line":48,"column":2},"end":{"line":48,"column":26}},"21":{"start":{"line":50,"column":2},"end":{"line":107,"column":4}},"22":{"start":{"line":62,"column":14},"end":{"line":62,"column":45}},"23":{"start":{"line":76,"column":14},"end":{"line":78,"column":16}},"24":{"start":{"line":77,"column":44},"end":{"line":77,"column":67}},"25":{"start":{"line":89,"column":14},"end":{"line":89,"column":42}},"26":{"start":{"line":97,"column":10},"end":{"line":103,"column":17}}},"fnMap":{"0":{"name":"(anonymous_0)","decl":{"start":{"line":9,"column":13},"end":{"line":9,"column":14}},"loc":{"start":{"line":9,"column":19},"end":{"line":108,"column":1}},"line":9},"1":{"name":"(anonymous_1)","decl":{"start":{"line":18,"column":12},"end":{"line":18,"column":13}},"loc":{"start":{"line":18,"column":18},"end":{"line":20,"column":3}},"line":18},"2":{"name":"(anonymous_2)","decl":{"start":{"line":22,"column":20},"end":{"line":22,"column":21}},"loc":{"start":{"line":22,"column":32},"end":{"line":32,"column":3}},"line":22},"3":{"name":"(anonymous_3)","decl":{"start":{"line":34,"column":22},"end":{"line":34,"column":23}},"loc":{"start":{"line":34,"column":28},"end":{"line":39,"column":3}},"line":34},"4":{"name":"(anonymous_4)","decl":{"start":{"line":35,"column":37},"end":{"line":35,"column":38}},"loc":{"start":{"line":35,"column":46},"end":{"line":37,"column":5}},"line":35},"5":{"name":"(anonymous_5)","decl":{"start":{"line":61,"column":22},"end":{"line":61,"column":23}},"loc":{"start":{"line":61,"column":29},"end":{"line":63,"column":13}},"line":61},"6":{"name":"(anonymous_6)","decl":{"start":{"line":75,"column":21},"end":{"line":75,"column":22}},"loc":{"start":{"line":75,"column":27},"end":{"line":79,"column":13}},"line":75},"7":{"name":"(anonymous_7)","decl":{"start":{"line":77,"column":34},"end":{"line":77,"column":35}},"loc":{"start":{"line":77,"column":44},"end":{"line":77,"column":67}},"line":77},"8":{"name":"(anonymous_8)","decl":{"start":{"line":88,"column":22},"end":{"line":88,"column":23}},"loc":{"start":{"line":88,"column":29},"end":{"line":90,"column":13}},"line":88},"9":{"name":"(anonymous_9)","decl":{"start":{"line":96,"column":24},"end":{"line":96,"column":25}},"loc":{"start":{"line":97,"column":10},"end":{"line":103,"column":17}},"line":97}},"branchMap":{"0":{"loc":{"start":{"line":41,"column":2},"end":{"line":47,"column":3}},"type":"if","locations":[{"start":{"line":41,"column":2},"end":{"line":47,"column":3}},{"start":{},"end":{}}],"line":41},"1":{"loc":{"start":{"line":50,"column":9},"end":{"line":107,"column":3}},"type":"cond-expr","locations":[{"start":{"line":51,"column":4},"end":{"line":51,"column":15}},{"start":{"line":53,"column":4},"end":{"line":106,"column":10}}],"line":50},"2":{"loc":{"start":{"line":98,"column":13},"end":{"line":102,"column":13}},"type":"cond-expr","locations":[{"start":{"line":99,"column":14},"end":{"line":99,"column":49}},{"start":{"line":101,"column":14},"end":{"line":101,"column":41}}],"line":98}},"s":{"0":1,"1":7,"2":7,"3":7,"4":7,"5":7,"6":7,"7":7,"8":2,"9":7,"10":2,"11":2,"12":2,"13":2,"14":7,"15":1,"16":8,"17":1,"18":7,"19":0,"20":7,"21":7,"22":1,"23":1,"24":8,"25":0,"26":33},"f":{"0":7,"1":2,"2":2,"3":1,"4":8,"5":1,"6":1,"7":8,"8":0,"9":33},"b":{"0":[0,7],"1":[2,5],"2":[13,20]},"_coverageSchema":"1a1c01bbd47fc00a2c39e90264f33305004495a9","hash":"a33fff1980e504453497b7cd03b3225644a44284"}
,"C:\\React\\Namaste\\src\\components\\Cart.jsx": {"path":"C:\\React\\Namaste\\src\\components\\Cart.jsx","statementMap":{"0":{"start":{"line":7,"column":16},"end":{"line":7,"column":56}},"1":{"start":{"line":7,"column":39},"end":{"line":7,"column":55}},"2":{"start":{"line":8,"column":2},"end":{"line":8,"column":21}},"3":{"start":{"line":9,"column":19},"end":{"line":9,"column":32}},"4":{"start":{"line":11,"column":22},"end":{"line":13,"column":3}},"5":{"start":{"line":12,"column":4},"end":{"line":12,"column":26}},"6":{"start":{"line":15,"column":2},"end":{"line":30,"column":4}}},"fnMap":{"0":{"name":"Cart","decl":{"start":{"line":6,"column":9},"end":{"line":6,"column":13}},"loc":{"start":{"line":6,"column":16},"end":{"line":31,"column":1}},"line":6},"1":{"name":"(anonymous_1)","decl":{"start":{"line":7,"column":28},"end":{"line":7,"column":29}},"loc":{"start":{"line":7,"column":39},"end":{"line":7,"column":55}},"line":7},"2":{"name":"(anonymous_2)","decl":{"start":{"line":11,"column":22},"end":{"line":11,"column":23}},"loc":{"start":{"line":11,"column":28},"end":{"line":13,"column":3}},"line":11}},"branchMap":{},"s":{"0":3,"1":6,"2":3,"3":3,"4":3,"5":0,"6":3},"f":{"0":3,"1":6,"2":0},"b":{},"_coverageSchema":"1a1c01bbd47fc00a2c39e90264f33305004495a9","hash":"dba33e8b2e548a3a44a5c1bc19c13942b821b6ab"}
,"C:\\React\\Namaste\\src\\components\\Contact.jsx": {"path":"C:\\React\\Namaste\\src\\components\\Contact.jsx","statementMap":{"0":{"start":{"line":4,"column":2},"end":{"line":22,"column":4}}},"fnMap":{"0":{"name":"Contact","decl":{"start":{"line":3,"column":9},"end":{"line":3,"column":16}},"loc":{"start":{"line":3,"column":19},"end":{"line":23,"column":1}},"line":3}},"branchMap":{},"s":{"0":4},"f":{"0":4},"b":{},"_coverageSchema":"1a1c01bbd47fc00a2c39e90264f33305004495a9","hash":"8dea53b3c2a9fa4b38225e730ac315f5b600f805"}
,"C:\\React\\Namaste\\src\\components\\Header.jsx": {"path":"C:\\React\\Namaste\\src\\components\\Header.jsx","statementMap":{"0":{"start":{"line":8,"column":15},"end":{"line":55,"column":1}},"1":{"start":{"line":9,"column":32},"end":{"line":9,"column":49}},"2":{"start":{"line":10,"column":23},"end":{"line":10,"column":40}},"3":{"start":{"line":11,"column":15},"end":{"line":11,"column":38}},"4":{"start":{"line":12,"column":20},"end":{"line":12,"column":60}},"5":{"start":{"line":12,"column":43},"end":{"line":12,"column":59}},"6":{"start":{"line":13,"column":2},"end":{"line":13,"column":25}},"7":{"start":{"line":14,"column":2},"end":{"line":54,"column":4}},"8":{"start":{"line":45,"column":14},"end":{"line":45,"column":79}}},"fnMap":{"0":{"name":"(anonymous_0)","decl":{"start":{"line":8,"column":15},"end":{"line":8,"column":16}},"loc":{"start":{"line":8,"column":21},"end":{"line":55,"column":1}},"line":8},"1":{"name":"(anonymous_1)","decl":{"start":{"line":12,"column":32},"end":{"line":12,"column":33}},"loc":{"start":{"line":12,"column":43},"end":{"line":12,"column":59}},"line":12},"2":{"name":"(anonymous_2)","decl":{"start":{"line":44,"column":21},"end":{"line":44,"column":22}},"loc":{"start":{"line":44,"column":27},"end":{"line":46,"column":13}},"line":44}},"branchMap":{"0":{"loc":{"start":{"line":21,"column":48},"end":{"line":21,"column":74}},"type":"cond-expr","locations":[{"start":{"line":21,"column":63},"end":{"line":21,"column":67}},{"start":{"line":21,"column":70},"end":{"line":21,"column":74}}],"line":21},"1":{"loc":{"start":{"line":45,"column":14},"end":{"line":45,"column":78}},"type":"cond-expr","locations":[{"start":{"line":45,"column":36},"end":{"line":45,"column":56}},{"start":{"line":45,"column":59},"end":{"line":45,"column":78}}],"line":45}},"s":{"0":2,"1":8,"2":8,"3":8,"4":8,"5":15,"6":8,"7":8,"8":1},"f":{"0":8,"1":15,"2":1},"b":{"0":[8,0],"1":[1,0]},"_coverageSchema":"1a1c01bbd47fc00a2c39e90264f33305004495a9","hash":"443d3fd96a902182855bc89cbc33022897e03227"}
,"C:\\React\\Namaste\\src\\components\\ItemList.jsx": {"path":"C:\\React\\Namaste\\src\\components\\ItemList.jsx","statementMap":{"0":{"start":{"line":6,"column":17},"end":{"line":52,"column":1}},"1":{"start":{"line":7,"column":2},"end":{"line":7,"column":21}},"2":{"start":{"line":8,"column":19},"end":{"line":8,"column":32}},"3":{"start":{"line":10,"column":25},"end":{"line":12,"column":3}},"4":{"start":{"line":11,"column":4},"end":{"line":11,"column":28}},"5":{"start":{"line":14,"column":2},"end":{"line":51,"column":4}},"6":{"start":{"line":17,"column":8},"end":{"line":48,"column":14}},"7":{"start":{"line":35,"column":31},"end":{"line":35,"column":51}}},"fnMap":{"0":{"name":"(anonymous_0)","decl":{"start":{"line":6,"column":17},"end":{"line":6,"column":18}},"loc":{"start":{"line":6,"column":32},"end":{"line":52,"column":1}},"line":6},"1":{"name":"(anonymous_1)","decl":{"start":{"line":10,"column":25},"end":{"line":10,"column":26}},"loc":{"start":{"line":10,"column":35},"end":{"line":12,"column":3}},"line":10},"2":{"name":"(anonymous_2)","decl":{"start":{"line":16,"column":17},"end":{"line":16,"column":18}},"loc":{"start":{"line":17,"column":8},"end":{"line":48,"column":14}},"line":17},"3":{"name":"(anonymous_3)","decl":{"start":{"line":35,"column":25},"end":{"line":35,"column":26}},"loc":{"start":{"line":35,"column":31},"end":{"line":35,"column":51}},"line":35}},"branchMap":{"0":{"loc":{"start":{"line":26,"column":15},"end":{"line":28,"column":19}},"type":"binary-expr","locations":[{"start":{"line":26,"column":15},"end":{"line":26,"column":41}},{"start":{"line":27,"column":16},"end":{"line":27,"column":47}},{"start":{"line":28,"column":16},"end":{"line":28,"column":19}}],"line":26}},"s":{"0":1,"1":4,"2":4,"3":4,"4":2,"5":4,"6":8,"7":2},"f":{"0":4,"1":2,"2":8,"3":2},"b":{"0":[8,0,0]},"_coverageSchema":"1a1c01bbd47fc00a2c39e90264f33305004495a9","hash":"2e872515556138d614099797eb063dfe8c0aaa63"}
,"C:\\React\\Namaste\\src\\components\\RestCard.jsx": {"path":"C:\\React\\Namaste\\src\\components\\RestCard.jsx","statementMap":{"0":{"start":{"line":5,"column":17},"end":{"line":26,"column":1}},"1":{"start":{"line":7,"column":4},"end":{"line":7,"column":18}},"2":{"start":{"line":8,"column":15},"end":{"line":8,"column":38}},"3":{"start":{"line":9,"column":2},"end":{"line":25,"column":4}},"4":{"start":{"line":32,"column":33},"end":{"line":43,"column":1}},"5":{"start":{"line":33,"column":2},"end":{"line":42,"column":4}},"6":{"start":{"line":34,"column":4},"end":{"line":41,"column":6}}},"fnMap":{"0":{"name":"(anonymous_0)","decl":{"start":{"line":5,"column":17},"end":{"line":5,"column":18}},"loc":{"start":{"line":5,"column":35},"end":{"line":26,"column":1}},"line":5},"1":{"name":"(anonymous_1)","decl":{"start":{"line":32,"column":33},"end":{"line":32,"column":34}},"loc":{"start":{"line":32,"column":47},"end":{"line":43,"column":1}},"line":32},"2":{"name":"(anonymous_2)","decl":{"start":{"line":33,"column":9},"end":{"line":33,"column":10}},"loc":{"start":{"line":33,"column":20},"end":{"line":42,"column":3}},"line":33}},"branchMap":{},"s":{"0":2,"1":35,"2":35,"3":35,"4":2,"5":8,"6":15},"f":{"0":35,"1":8,"2":15},"b":{},"_coverageSchema":"1a1c01bbd47fc00a2c39e90264f33305004495a9","hash":"95d615c8f4d7744e8fa4e8dc58bba8b430eabfdb"}
,"C:\\React\\Namaste\\src\\components\\RestCat.jsx": {"path":"C:\\React\\Namaste\\src\\components\\RestCat.jsx","statementMap":{"0":{"start":{"line":4,"column":16},"end":{"line":31,"column":1}},"1":{"start":{"line":8,"column":22},"end":{"line":11,"column":3}},"2":{"start":{"line":10,"column":4},"end":{"line":10,"column":19}},"3":{"start":{"line":13,"column":2},"end":{"line":30,"column":4}},"4":{"start":{"line":18,"column":12},"end":{"line":18,"column":26}}},"fnMap":{"0":{"name":"(anonymous_0)","decl":{"start":{"line":4,"column":16},"end":{"line":4,"column":17}},"loc":{"start":{"line":4,"column":55},"end":{"line":31,"column":1}},"line":4},"1":{"name":"(anonymous_1)","decl":{"start":{"line":8,"column":22},"end":{"line":8,"column":23}},"loc":{"start":{"line":8,"column":28},"end":{"line":11,"column":3}},"line":8},"2":{"name":"(anonymous_2)","decl":{"start":{"line":17,"column":19},"end":{"line":17,"column":20}},"loc":{"start":{"line":17,"column":25},"end":{"line":19,"column":11}},"line":17}},"branchMap":{"0":{"loc":{"start":{"line":27,"column":9},"end":{"line":27,"column":57}},"type":"binary-expr","locations":[{"start":{"line":27,"column":9},"end":{"line":27,"column":18}},{"start":{"line":27,"column":22},"end":{"line":27,"column":57}}],"line":27}},"s":{"0":1,"1":22,"2":1,"3":22,"4":1},"f":{"0":22,"1":1,"2":1},"b":{"0":[22,1]},"_coverageSchema":"1a1c01bbd47fc00a2c39e90264f33305004495a9","hash":"08725661b36173e5c66d1ac21a0ee474d3c01fc3"}
,"C:\\React\\Namaste\\src\\components\\RestMenu.jsx": {"path":"C:\\React\\Namaste\\src\\components\\RestMenu.jsx","statementMap":{"0":{"start":{"line":8,"column":17},"end":{"line":81,"column":1}},"1":{"start":{"line":9,"column":20},"end":{"line":9,"column":31}},"2":{"start":{"line":10,"column":15},"end":{"line":10,"column":33}},"3":{"start":{"line":11,"column":36},"end":{"line":11,"column":50}},"4":{"start":{"line":14,"column":2},"end":{"line":16,"column":3}},"5":{"start":{"line":15,"column":4},"end":{"line":15,"column":23}},"6":{"start":{"line":18,"column":19},"end":{"line":27,"column":3}},"7":{"start":{"line":20,"column":6},"end":{"line":20,"column":71}},"8":{"start":{"line":21,"column":18},"end":{"line":23,"column":5}},"9":{"start":{"line":22,"column":16},"end":{"line":22,"column":54}},"10":{"start":{"line":25,"column":26},"end":{"line":25,"column":55}},"11":{"start":{"line":26,"column":4},"end":{"line":26,"column":58}},"12":{"start":{"line":30,"column":4},"end":{"line":34,"column":5}},"13":{"start":{"line":32,"column":8},"end":{"line":33,"column":70}},"14":{"start":{"line":37,"column":16},"end":{"line":37,"column":26}},"15":{"start":{"line":38,"column":15},"end":{"line":38,"column":55}},"16":{"start":{"line":40,"column":2},"end":{"line":80,"column":4}},"17":{"start":{"line":70,"column":8},"end":{"line":77,"column":10}},"18":{"start":{"line":75,"column":12},"end":{"line":75,"column":60}}},"fnMap":{"0":{"name":"(anonymous_0)","decl":{"start":{"line":8,"column":17},"end":{"line":8,"column":18}},"loc":{"start":{"line":8,"column":23},"end":{"line":81,"column":1}},"line":8},"1":{"name":"(anonymous_1)","decl":{"start":{"line":18,"column":19},"end":{"line":18,"column":20}},"loc":{"start":{"line":18,"column":25},"end":{"line":27,"column":3}},"line":18},"2":{"name":"(anonymous_2)","decl":{"start":{"line":22,"column":6},"end":{"line":22,"column":7}},"loc":{"start":{"line":22,"column":16},"end":{"line":22,"column":54}},"line":22},"3":{"name":"(anonymous_3)","decl":{"start":{"line":31,"column":6},"end":{"line":31,"column":7}},"loc":{"start":{"line":32,"column":8},"end":{"line":33,"column":70}},"line":32},"4":{"name":"(anonymous_4)","decl":{"start":{"line":69,"column":22},"end":{"line":69,"column":23}},"loc":{"start":{"line":70,"column":8},"end":{"line":77,"column":10}},"line":70},"5":{"name":"(anonymous_5)","decl":{"start":{"line":74,"column":24},"end":{"line":74,"column":25}},"loc":{"start":{"line":74,"column":30},"end":{"line":76,"column":11}},"line":74}},"branchMap":{"0":{"loc":{"start":{"line":14,"column":2},"end":{"line":16,"column":3}},"type":"if","locations":[{"start":{"line":14,"column":2},"end":{"line":16,"column":3}},{"start":{},"end":{}}],"line":14},"1":{"loc":{"start":{"line":20,"column":6},"end":{"line":20,"column":71}},"type":"binary-expr","locations":[{"start":{"line":20,"column":6},"end":{"line":20,"column":65}},{"start":{"line":20,"column":69},"end":{"line":20,"column":71}}],"line":20},"2":{"loc":{"start":{"line":25,"column":26},"end":{"line":25,"column":55}},"type":"cond-expr","locations":[{"start":{"line":25,"column":50},"end":{"line":25,"column":51}},{"start":{"line":25,"column":54},"end":{"line":25,"column":55}}],"line":25},"3":{"loc":{"start":{"line":26,"column":11},"end":{"line":26,"column":57}},"type":"binary-expr","locations":[{"start":{"line":26,"column":11},"end":{"line":26,"column":51}},{"start":{"line":26,"column":55},"end":{"line":26,"column":57}}],"line":26},"4":{"loc":{"start":{"line":38,"column":15},"end":{"line":38,"column":55}},"type":"binary-expr","locations":[{"start":{"line":38,"column":15},"end":{"line":38,"column":49}},{"start":{"line":38,"column":53},"end":{"line":38,"column":55}}],"line":38},"5":{"loc":{"start":{"line":46,"column":12},"end":{"line":48,"column":35}},"type":"cond-expr","locations":[{"start":{"line":47,"column":16},"end":{"line":47,"column":48}},{"start":{"line":48,"column":16},"end":{"line":48,"column":35}}],"line":46},"6":{"loc":{"start":{"line":50,"column":15},"end":{"line":50,"column":40}},"type":"binary-expr","locations":[{"start":{"line":50,"column":15},"end":{"line":50,"column":24}},{"start":{"line":50,"column":28},"end":{"line":50,"column":40}}],"line":50},"7":{"loc":{"start":{"line":55,"column":9},"end":{"line":55,"column":39}},"type":"binary-expr","locations":[{"start":{"line":55,"column":9},"end":{"line":55,"column":18}},{"start":{"line":55,"column":22},"end":{"line":55,"column":39}}],"line":55},"8":{"loc":{"start":{"line":59,"column":9},"end":{"line":59,"column":59}},"type":"binary-expr","locations":[{"start":{"line":59,"column":9},"end":{"line":59,"column":34}},{"start":{"line":59,"column":38},"end":{"line":59,"column":59}}],"line":59},"9":{"loc":{"start":{"line":60,"column":9},"end":{"line":60,"column":49}},"type":"binary-expr","locations":[{"start":{"line":60,"column":9},"end":{"line":60,"column":31}},{"start":{"line":60,"column":35},"end":{"line":60,"column":49}}],"line":60},"10":{"loc":{"start":{"line":73,"column":21},"end":{"line":73,"column":54}},"type":"cond-expr","locations":[{"start":{"line":73,"column":42},"end":{"line":73,"column":46}},{"start":{"line":73,"column":49},"end":{"line":73,"column":54}}],"line":73},"11":{"loc":{"start":{"line":75,"column":25},"end":{"line":75,"column":58}},"type":"cond-expr","locations":[{"start":{"line":75,"column":46},"end":{"line":75,"column":50}},{"start":{"line":75,"column":53},"end":{"line":75,"column":58}}],"line":75}},"s":{"0":1,"1":3,"2":3,"3":3,"4":3,"5":1,"6":2,"7":2,"8":2,"9":6,"10":2,"11":2,"12":2,"13":30,"14":2,"15":2,"16":2,"17":22,"18":1},"f":{"0":3,"1":2,"2":6,"3":30,"4":22,"5":1},"b":{"0":[1,2],"1":[2,0],"2":[2,0],"3":[2,0],"4":[2,0],"5":[2,0],"6":[2,0],"7":[2,0],"8":[2,0],"9":[2,0],"10":[1,21],"11":[0,1]},"_coverageSchema":"1a1c01bbd47fc00a2c39e90264f33305004495a9","hash":"29d51e4105d3051dd7fde9b7bbf0697f377ad981"}
,"C:\\React\\Namaste\\src\\components\\Shimmer.jsx": {"path":"C:\\React\\Namaste\\src\\components\\Shimmer.jsx","statementMap":{"0":{"start":{"line":3,"column":16},"end":{"line":17,"column":1}},"1":{"start":{"line":5,"column":23},"end":{"line":5,"column":70}},"2":{"start":{"line":5,"column":64},"end":{"line":5,"column":69}},"3":{"start":{"line":7,"column":2},"end":{"line":16,"column":4}},"4":{"start":{"line":10,"column":8},"end":{"line":13,"column":15}}},"fnMap":{"0":{"name":"(anonymous_0)","decl":{"start":{"line":3,"column":16},"end":{"line":3,"column":17}},"loc":{"start":{"line":3,"column":22},"end":{"line":17,"column":1}},"line":3},"1":{"name":"(anonymous_1)","decl":{"start":{"line":5,"column":50},"end":{"line":5,"column":51}},"loc":{"start":{"line":5,"column":64},"end":{"line":5,"column":69}},"line":5},"2":{"name":"(anonymous_2)","decl":{"start":{"line":9,"column":24},"end":{"line":9,"column":25}},"loc":{"start":{"line":10,"column":8},"end":{"line":13,"column":15}},"line":10}},"branchMap":{},"s":{"0":2,"1":3,"2":36,"3":3,"4":36},"f":{"0":3,"1":36,"2":36},"b":{},"_coverageSchema":"1a1c01bbd47fc00a2c39e90264f33305004495a9","hash":"0cf4caecdeb79b44a1ae880f7a385e292c9d8360"}
,"C:\\React\\Namaste\\src\\components\\sum.js": {"path":"C:\\React\\Namaste\\src\\components\\sum.js","statementMap":{"0":{"start":{"line":1,"column":19},"end":{"line":3,"column":1}},"1":{"start":{"line":2,"column":2},"end":{"line":2,"column":15}}},"fnMap":{"0":{"name":"(anonymous_0)","decl":{"start":{"line":1,"column":19},"end":{"line":1,"column":20}},"loc":{"start":{"line":1,"column":29},"end":{"line":3,"column":1}},"line":1}},"branchMap":{},"s":{"0":1,"1":1},"f":{"0":1},"b":{},"_coverageSchema":"1a1c01bbd47fc00a2c39e90264f33305004495a9","hash":"1f239da0554516a4425bbb207b9ed357a9f8d33a"}
,"C:\\React\\Namaste\\src\\utils\\UserContext.js": {"path":"C:\\React\\Namaste\\src\\utils\\UserContext.js","statementMap":{"0":{"start":{"line":3,"column":20},"end":{"line":5,"column":2}}},"fnMap":{},"branchMap":{},"s":{"0":4},"f":{},"b":{},"_coverageSchema":"1a1c01bbd47fc00a2c39e90264f33305004495a9","hash":"49c7c005714ec1901c8d4b91417458998bad9ddb"}
,"C:\\React\\Namaste\\src\\utils\\appStore.js": {"path":"C:\\React\\Namaste\\src\\utils\\appStore.js","statementMap":{"0":{"start":{"line":4,"column":17},"end":{"line":8,"column":2}}},"fnMap":{},"branchMap":{},"s":{"0":3},"f":{},"b":{},"_coverageSchema":"1a1c01bbd47fc00a2c39e90264f33305004495a9","hash":"64e2e3e0ee1207b1375c97e775c7e23897d0b657"}
,"C:\\React\\Namaste\\src\\utils\\cartSlice.js": {"path":"C:\\React\\Namaste\\src\\utils\\cartSlice.js","statementMap":{"0":{"start":{"line":4,"column":18},"end":{"line":20,"column":2}},"1":{"start":{"line":11,"column":6},"end":{"line":11,"column":39}},"2":{"start":{"line":14,"column":6},"end":{"line":14,"column":24}},"3":{"start":{"line":17,"column":6},"end":{"line":17,"column":29}},"4":{"start":{"line":22,"column":50},"end":{"line":22,"column":67}}},"fnMap":{"0":{"name":"(anonymous_0)","decl":{"start":{"line":10,"column":13},"end":{"line":10,"column":14}},"loc":{"start":{"line":10,"column":32},"end":{"line":12,"column":5}},"line":10},"1":{"name":"(anonymous_1)","decl":{"start":{"line":13,"column":16},"end":{"line":13,"column":17}},"loc":{"start":{"line":13,"column":27},"end":{"line":15,"column":5}},"line":13},"2":{"name":"(anonymous_2)","decl":{"start":{"line":16,"column":15},"end":{"line":16,"column":16}},"loc":{"start":{"line":16,"column":26},"end":{"line":18,"column":5}},"line":16}},"branchMap":{},"s":{"0":3,"1":2,"2":0,"3":0,"4":3},"f":{"0":2,"1":0,"2":0},"b":{},"_coverageSchema":"1a1c01bbd47fc00a2c39e90264f33305004495a9","hash":"0f6f9ee987a359702dc565c83cff586c1335de31"}
,"C:\\React\\Namaste\\src\\utils\\constant.js": {"path":"C:\\React\\Namaste\\src\\utils\\constant.js","statementMap":{"0":{"start":{"line":2,"column":2},"end":{"line":2,"column":85}},"1":{"start":{"line":5,"column":2},"end":{"line":5,"column":93}},"2":{"start":{"line":8,"column":2},"end":{"line":8,"column":121}},"3":{"start":{"line":11,"column":2},"end":{"line":11,"column":136}}},"fnMap":{},"branchMap":{},"s":{"0":4,"1":4,"2":4,"3":4},"f":{},"b":{},"_coverageSchema":"1a1c01bbd47fc00a2c39e90264f33305004495a9","hash":"b499ac800c82e2eb191f4ec5a71bc169e80e6bf6"}
,"C:\\React\\Namaste\\src\\utils\\useOnlineStatus.js": {"path":"C:\\React\\Namaste\\src\\utils\\useOnlineStatus.js","statementMap":{"0":{"start":{"line":3,"column":24},"end":{"line":16,"column":1}},"1":{"start":{"line":4,"column":42},"end":{"line":4,"column":56}},"2":{"start":{"line":6,"column":2},"end":{"line":13,"column":9}},"3":{"start":{"line":7,"column":4},"end":{"line":9,"column":7}},"4":{"start":{"line":8,"column":6},"end":{"line":8,"column":29}},"5":{"start":{"line":10,"column":4},"end":{"line":12,"column":7}},"6":{"start":{"line":11,"column":6},"end":{"line":11,"column":28}},"7":{"start":{"line":15,"column":2},"end":{"line":15,"column":22}}},"fnMap":{"0":{"name":"(anonymous_0)","decl":{"start":{"line":3,"column":24},"end":{"line":3,"column":25}},"loc":{"start":{"line":3,"column":30},"end":{"line":16,"column":1}},"line":3},"1":{"name":"(anonymous_1)","decl":{"start":{"line":6,"column":12},"end":{"line":6,"column":13}},"loc":{"start":{"line":6,"column":18},"end":{"line":13,"column":3}},"line":6},"2":{"name":"(anonymous_2)","decl":{"start":{"line":7,"column":39},"end":{"line":7,"column":40}},"loc":{"start":{"line":7,"column":45},"end":{"line":9,"column":5}},"line":7},"3":{"name":"(anonymous_3)","decl":{"start":{"line":10,"column":38},"end":{"line":10,"column":39}},"loc":{"start":{"line":10,"column":44},"end":{"line":12,"column":5}},"line":10}},"branchMap":{},"s":{"0":3,"1":15,"2":15,"3":7,"4":0,"5":7,"6":0,"7":15},"f":{"0":15,"1":7,"2":0,"3":0},"b":{},"_coverageSchema":"1a1c01bbd47fc00a2c39e90264f33305004495a9","hash":"02fd20fb8fd5b22abe9f1c5d17b8d4c2fb862e99"}
,"C:\\React\\Namaste\\src\\utils\\useRestMenu.js": {"path":"C:\\React\\Namaste\\src\\utils\\useRestMenu.js","statementMap":{"0":{"start":{"line":4,"column":20},"end":{"line":19,"column":1}},"1":{"start":{"line":5,"column":34},"end":{"line":5,"column":48}},"2":{"start":{"line":7,"column":2},"end":{"line":9,"column":9}},"3":{"start":{"line":8,"column":4},"end":{"line":8,"column":16}},"4":{"start":{"line":11,"column":20},"end":{"line":15,"column":3}},"5":{"start":{"line":12,"column":17},"end":{"line":12,"column":46}},"6":{"start":{"line":13,"column":17},"end":{"line":13,"column":34}},"7":{"start":{"line":14,"column":4},"end":{"line":14,"column":28}},"8":{"start":{"line":16,"column":2},"end":{"line":16,"column":22}},"9":{"start":{"line":18,"column":2},"end":{"line":18,"column":18}}},"fnMap":{"0":{"name":"(anonymous_0)","decl":{"start":{"line":4,"column":20},"end":{"line":4,"column":21}},"loc":{"start":{"line":4,"column":31},"end":{"line":19,"column":1}},"line":4},"1":{"name":"(anonymous_1)","decl":{"start":{"line":7,"column":12},"end":{"line":7,"column":13}},"loc":{"start":{"line":7,"column":18},"end":{"line":9,"column":3}},"line":7},"2":{"name":"(anonymous_2)","decl":{"start":{"line":11,"column":20},"end":{"line":11,"column":21}},"loc":{"start":{"line":11,"column":32},"end":{"line":15,"column":3}},"line":11}},"branchMap":{},"s":{"0":1,"1":3,"2":3,"3":1,"4":3,"5":1,"6":1,"7":1,"8":3,"9":3},"f":{"0":3,"1":1,"2":1},"b":{},"_coverageSchema":"1a1c01bbd47fc00a2c39e90264f33305004495a9","hash":"9ee306f777fc0329c9a1c196715c135669c0888a"}
}
