TN:
SF:src\components\Body.jsx
FN:9,(anonymous_0)
FN:18,(anonymous_1)
FN:22,(anonymous_2)
FN:34,(anonymous_3)
FN:35,(anonymous_4)
FN:61,(anonymous_5)
FN:75,(anonymous_6)
FN:77,(anonymous_7)
FN:88,(anonymous_8)
FN:96,(anonymous_9)
FNF:10
FNH:9
FNDA:7,(anonymous_0)
FNDA:2,(anonymous_1)
FNDA:2,(anonymous_2)
FNDA:1,(anonymous_3)
FNDA:8,(anonymous_4)
FNDA:1,(anonymous_5)
FNDA:1,(anonymous_6)
FNDA:8,(anonymous_7)
FNDA:0,(anonymous_8)
FNDA:33,(anonymous_9)
DA:9,1
DA:10,7
DA:11,7
DA:12,7
DA:13,7
DA:15,7
DA:16,7
DA:18,7
DA:19,2
DA:22,7
DA:23,2
DA:25,2
DA:26,2
DA:29,2
DA:34,7
DA:35,1
DA:36,8
DA:38,1
DA:41,7
DA:42,0
DA:48,7
DA:50,7
DA:62,1
DA:76,1
DA:77,8
DA:89,0
DA:97,33
LF:27
LH:25
BRDA:41,0,0,0
BRDA:41,0,1,7
BRDA:50,1,0,2
BRDA:50,1,1,5
BRDA:98,2,0,13
BRDA:98,2,1,20
BRF:6
BRH:5
end_of_record
TN:
SF:src\components\Cart.jsx
FN:6,Cart
FN:7,(anonymous_1)
FN:11,(anonymous_2)
FNF:3
FNH:2
FNDA:3,Cart
FNDA:6,(anonymous_1)
FNDA:0,(anonymous_2)
DA:7,6
DA:8,3
DA:9,3
DA:11,3
DA:12,0
DA:15,3
LF:6
LH:5
BRF:0
BRH:0
end_of_record
TN:
SF:src\components\Contact.jsx
FN:3,Contact
FNF:1
FNH:1
FNDA:4,Contact
DA:4,4
LF:1
LH:1
BRF:0
BRH:0
end_of_record
TN:
SF:src\components\Header.jsx
FN:8,(anonymous_0)
FN:12,(anonymous_1)
FN:44,(anonymous_2)
FNF:3
FNH:3
FNDA:8,(anonymous_0)
FNDA:15,(anonymous_1)
FNDA:1,(anonymous_2)
DA:8,2
DA:9,8
DA:10,8
DA:11,8
DA:12,15
DA:13,8
DA:14,8
DA:45,1
LF:8
LH:8
BRDA:21,0,0,8
BRDA:21,0,1,0
BRDA:45,1,0,1
BRDA:45,1,1,0
BRF:4
BRH:2
end_of_record
TN:
SF:src\components\ItemList.jsx
FN:6,(anonymous_0)
FN:10,(anonymous_1)
FN:16,(anonymous_2)
FN:35,(anonymous_3)
FNF:4
FNH:4
FNDA:4,(anonymous_0)
FNDA:2,(anonymous_1)
FNDA:8,(anonymous_2)
FNDA:2,(anonymous_3)
DA:6,1
DA:7,4
DA:8,4
DA:10,4
DA:11,2
DA:14,4
DA:17,8
DA:35,2
LF:8
LH:8
BRDA:26,0,0,8
BRDA:26,0,1,0
BRDA:26,0,2,0
BRF:3
BRH:1
end_of_record
TN:
SF:src\components\RestCard.jsx
FN:5,(anonymous_0)
FN:32,(anonymous_1)
FN:33,(anonymous_2)
FNF:3
FNH:3
FNDA:35,(anonymous_0)
FNDA:8,(anonymous_1)
FNDA:15,(anonymous_2)
DA:5,2
DA:7,35
DA:8,35
DA:9,35
DA:32,2
DA:33,8
DA:34,15
LF:7
LH:7
BRF:0
BRH:0
end_of_record
TN:
SF:src\components\RestCat.jsx
FN:4,(anonymous_0)
FN:8,(anonymous_1)
FN:17,(anonymous_2)
FNF:3
FNH:3
FNDA:22,(anonymous_0)
FNDA:1,(anonymous_1)
FNDA:1,(anonymous_2)
DA:4,1
DA:8,22
DA:10,1
DA:13,22
DA:18,1
LF:5
LH:5
BRDA:27,0,0,22
BRDA:27,0,1,1
BRF:2
BRH:2
end_of_record
TN:
SF:src\components\RestMenu.jsx
FN:8,(anonymous_0)
FN:18,(anonymous_1)
FN:22,(anonymous_2)
FN:31,(anonymous_3)
FN:69,(anonymous_4)
FN:74,(anonymous_5)
FNF:6
FNH:6
FNDA:3,(anonymous_0)
FNDA:2,(anonymous_1)
FNDA:6,(anonymous_2)
FNDA:30,(anonymous_3)
FNDA:22,(anonymous_4)
FNDA:1,(anonymous_5)
DA:8,1
DA:9,3
DA:10,3
DA:11,3
DA:14,3
DA:15,1
DA:18,2
DA:20,2
DA:21,2
DA:22,6
DA:25,2
DA:26,2
DA:30,2
DA:32,30
DA:37,2
DA:38,2
DA:40,2
DA:70,22
DA:75,1
LF:19
LH:19
BRDA:14,0,0,1
BRDA:14,0,1,2
BRDA:20,1,0,2
BRDA:20,1,1,0
BRDA:25,2,0,2
BRDA:25,2,1,0
BRDA:26,3,0,2
BRDA:26,3,1,0
BRDA:38,4,0,2
BRDA:38,4,1,0
BRDA:46,5,0,2
BRDA:46,5,1,0
BRDA:50,6,0,2
BRDA:50,6,1,0
BRDA:55,7,0,2
BRDA:55,7,1,0
BRDA:59,8,0,2
BRDA:59,8,1,0
BRDA:60,9,0,2
BRDA:60,9,1,0
BRDA:73,10,0,1
BRDA:73,10,1,21
BRDA:75,11,0,0
BRDA:75,11,1,1
BRF:24
BRH:14
end_of_record
TN:
SF:src\components\Shimmer.jsx
FN:3,(anonymous_0)
FN:5,(anonymous_1)
FN:9,(anonymous_2)
FNF:3
FNH:3
FNDA:3,(anonymous_0)
FNDA:36,(anonymous_1)
FNDA:36,(anonymous_2)
DA:3,2
DA:5,36
DA:7,3
DA:10,36
LF:4
LH:4
BRF:0
BRH:0
end_of_record
TN:
SF:src\components\sum.js
FN:1,(anonymous_0)
FNF:1
FNH:1
FNDA:1,(anonymous_0)
DA:1,1
DA:2,1
LF:2
LH:2
BRF:0
BRH:0
end_of_record
TN:
SF:src\utils\UserContext.js
FNF:0
FNH:0
DA:3,4
LF:1
LH:1
BRF:0
BRH:0
end_of_record
TN:
SF:src\utils\appStore.js
FNF:0
FNH:0
DA:4,3
LF:1
LH:1
BRF:0
BRH:0
end_of_record
TN:
SF:src\utils\cartSlice.js
FN:10,(anonymous_0)
FN:13,(anonymous_1)
FN:16,(anonymous_2)
FNF:3
FNH:1
FNDA:2,(anonymous_0)
FNDA:0,(anonymous_1)
FNDA:0,(anonymous_2)
DA:4,3
DA:11,2
DA:14,0
DA:17,0
DA:22,3
LF:5
LH:3
BRF:0
BRH:0
end_of_record
TN:
SF:src\utils\constant.js
FNF:0
FNH:0
DA:2,4
DA:5,4
DA:8,4
DA:11,4
LF:4
LH:4
BRF:0
BRH:0
end_of_record
TN:
SF:src\utils\useOnlineStatus.js
FN:3,(anonymous_0)
FN:6,(anonymous_1)
FN:7,(anonymous_2)
FN:10,(anonymous_3)
FNF:4
FNH:2
FNDA:15,(anonymous_0)
FNDA:7,(anonymous_1)
FNDA:0,(anonymous_2)
FNDA:0,(anonymous_3)
DA:3,3
DA:4,15
DA:6,15
DA:7,7
DA:8,0
DA:10,7
DA:11,0
DA:15,15
LF:8
LH:6
BRF:0
BRH:0
end_of_record
TN:
SF:src\utils\useRestMenu.js
FN:4,(anonymous_0)
FN:7,(anonymous_1)
FN:11,(anonymous_2)
FNF:3
FNH:3
FNDA:3,(anonymous_0)
FNDA:1,(anonymous_1)
FNDA:1,(anonymous_2)
DA:4,1
DA:5,3
DA:7,3
DA:8,1
DA:11,3
DA:12,1
DA:13,1
DA:14,1
DA:16,3
DA:18,3
LF:10
LH:10
BRF:0
BRH:0
end_of_record
